{"/home/david/txf/Gruntfile.js":{"path":"/home/david/txf/Gruntfile.js","s":{"1":1,"2":1,"3":1,"4":1,"5":1,"6":1,"7":1,"8":1,"9":1,"10":1,"11":1,"12":1},"b":{},"f":{"1":1},"fnMap":{"1":{"name":"(anonymous_1)","line":4,"loc":{"start":{"line":4,"column":17},"end":{"line":5,"column":0}}}},"statementMap":{"1":{"start":{"line":4,"column":0},"end":{"line":60,"column":2}},"2":{"start":{"line":6,"column":4},"end":{"line":47,"column":7}},"3":{"start":{"line":49,"column":4},"end":{"line":49,"column":47}},"4":{"start":{"line":50,"column":4},"end":{"line":50,"column":43}},"5":{"start":{"line":51,"column":4},"end":{"line":51,"column":39}},"6":{"start":{"line":52,"column":4},"end":{"line":52,"column":41}},"7":{"start":{"line":54,"column":4},"end":{"line":54,"column":41}},"8":{"start":{"line":55,"column":4},"end":{"line":55,"column":63}},"9":{"start":{"line":56,"column":4},"end":{"line":56,"column":41}},"10":{"start":{"line":57,"column":4},"end":{"line":57,"column":77}},"11":{"start":{"line":58,"column":4},"end":{"line":58,"column":57}},"12":{"start":{"line":59,"column":4},"end":{"line":59,"column":52}}},"branchMap":{}},"/home/david/txf/index.js":{"path":"/home/david/txf/index.js","s":{"1":1,"2":1,"3":4,"4":1,"5":8048,"6":8048,"7":4024,"8":4024,"9":4,"10":8082,"11":8082,"12":8082,"13":4040,"14":4040,"15":4040,"16":4042,"17":4038,"18":4038,"19":4,"20":4,"21":8078,"22":2,"23":2,"24":8076,"25":8076,"26":4,"27":4,"28":8072,"29":4034,"30":4034,"31":4,"32":4,"33":4030,"34":2016,"35":2016,"36":2016,"37":2,"38":2,"39":4028,"40":4,"41":4,"42":4024,"43":4024,"44":4024,"45":6044,"46":6044,"47":4024,"48":4024,"49":4024,"50":4024,"51":4024,"52":4024,"53":4038,"54":4034,"55":4034,"56":4,"57":4,"58":4030,"59":2016,"60":2016,"61":2016,"62":2,"63":2,"64":4028,"65":4,"66":4,"67":4024,"68":4024,"69":6044,"70":6044,"71":4024,"72":4024,"73":4024,"74":2020,"75":2020,"76":2020,"77":4024,"78":4024,"79":4024,"80":4,"81":4,"82":4},"b":{"1":[4024,4024],"2":[8048,6609],"3":[4024,4],"4":[4040,4042],"5":[4038,4],"6":[2,8076],"7":[4,8072],"8":[4034,4038],"9":[4,4030],"10":[2016,2014],"11":[2,2014],"12":[4,4024],"13":[4024,2020],"14":[4034,4],"15":[4,4030],"16":[2016,2014],"17":[2,2014],"18":[4,4024],"19":[4024,2020]},"f":{"1":4,"2":8048,"3":8082,"4":6044,"5":4024,"6":6044,"7":4024,"8":2020},"fnMap":{"1":{"name":"(anonymous_1)","line":5,"loc":{"start":{"line":5,"column":17},"end":{"line":6,"column":0}}},"2":{"name":"check","line":10,"loc":{"start":{"line":10,"column":4},"end":{"line":11,"column":4}}},"3":{"name":"(anonymous_3)","line":22,"loc":{"start":{"line":22,"column":25},"end":{"line":23,"column":4}}},"4":{"name":"(anonymous_4)","line":92,"loc":{"start":{"line":92,"column":30},"end":{"line":93,"column":12}}},"5":{"name":"(anonymous_5)","line":101,"loc":{"start":{"line":101,"column":30},"end":{"line":102,"column":12}}},"6":{"name":"(anonymous_6)","line":139,"loc":{"start":{"line":139,"column":32},"end":{"line":140,"column":12}}},"7":{"name":"(anonymous_7)","line":148,"loc":{"start":{"line":148,"column":32},"end":{"line":149,"column":12}}},"8":{"name":"(anonymous_8)","line":150,"loc":{"start":{"line":150,"column":37},"end":{"line":151,"column":16}}}},"statementMap":{"1":{"start":{"line":2,"column":0},"end":{"line":3,"column":31}},"2":{"start":{"line":5,"column":0},"end":{"line":170,"column":2}},"3":{"start":{"line":7,"column":4},"end":{"line":8,"column":30}},"4":{"start":{"line":10,"column":4},"end":{"line":20,"column":5}},"5":{"start":{"line":12,"column":8},"end":{"line":13,"column":41}},"6":{"start":{"line":15,"column":8},"end":{"line":19,"column":9}},"7":{"start":{"line":17,"column":12},"end":{"line":17,"column":109}},"8":{"start":{"line":18,"column":12},"end":{"line":18,"column":34}},"9":{"start":{"line":22,"column":4},"end":{"line":167,"column":7}},"10":{"start":{"line":24,"column":8},"end":{"line":24,"column":49}},"11":{"start":{"line":26,"column":8},"end":{"line":29,"column":15}},"12":{"start":{"line":31,"column":8},"end":{"line":46,"column":9}},"13":{"start":{"line":33,"column":12},"end":{"line":33,"column":36}},"14":{"start":{"line":34,"column":12},"end":{"line":34,"column":33}},"15":{"start":{"line":35,"column":12},"end":{"line":35,"column":29}},"16":{"start":{"line":37,"column":13},"end":{"line":46,"column":9}},"17":{"start":{"line":39,"column":12},"end":{"line":39,"column":36}},"18":{"start":{"line":40,"column":12},"end":{"line":40,"column":29}},"19":{"start":{"line":44,"column":12},"end":{"line":44,"column":36}},"20":{"start":{"line":45,"column":12},"end":{"line":45,"column":34}},"21":{"start":{"line":48,"column":8},"end":{"line":52,"column":9}},"22":{"start":{"line":50,"column":12},"end":{"line":50,"column":36}},"23":{"start":{"line":51,"column":12},"end":{"line":51,"column":34}},"24":{"start":{"line":54,"column":8},"end":{"line":54,"column":38}},"25":{"start":{"line":56,"column":8},"end":{"line":60,"column":9}},"26":{"start":{"line":58,"column":12},"end":{"line":58,"column":36}},"27":{"start":{"line":59,"column":12},"end":{"line":59,"column":34}},"28":{"start":{"line":62,"column":8},"end":{"line":166,"column":9}},"29":{"start":{"line":64,"column":12},"end":{"line":64,"column":41}},"30":{"start":{"line":66,"column":12},"end":{"line":70,"column":13}},"31":{"start":{"line":68,"column":16},"end":{"line":68,"column":40}},"32":{"start":{"line":69,"column":16},"end":{"line":69,"column":38}},"33":{"start":{"line":72,"column":12},"end":{"line":81,"column":13}},"34":{"start":{"line":74,"column":16},"end":{"line":74,"column":74}},"35":{"start":{"line":75,"column":16},"end":{"line":75,"column":39}},"36":{"start":{"line":76,"column":16},"end":{"line":80,"column":17}},"37":{"start":{"line":78,"column":20},"end":{"line":78,"column":44}},"38":{"start":{"line":79,"column":20},"end":{"line":79,"column":42}},"39":{"start":{"line":83,"column":12},"end":{"line":87,"column":13}},"40":{"start":{"line":85,"column":16},"end":{"line":85,"column":40}},"41":{"start":{"line":86,"column":16},"end":{"line":86,"column":38}},"42":{"start":{"line":89,"column":12},"end":{"line":89,"column":40}},"43":{"start":{"line":90,"column":12},"end":{"line":90,"column":37}},"44":{"start":{"line":92,"column":12},"end":{"line":99,"column":14}},"45":{"start":{"line":94,"column":16},"end":{"line":94,"column":45}},"46":{"start":{"line":95,"column":16},"end":{"line":98,"column":17}},"47":{"start":{"line":97,"column":20},"end":{"line":97,"column":39}},"48":{"start":{"line":101,"column":12},"end":{"line":104,"column":15}},"49":{"start":{"line":103,"column":16},"end":{"line":103,"column":31}},"50":{"start":{"line":105,"column":12},"end":{"line":105,"column":45}},"51":{"start":{"line":106,"column":12},"end":{"line":106,"column":43}},"52":{"start":{"line":108,"column":12},"end":{"line":108,"column":22}},"53":{"start":{"line":110,"column":13},"end":{"line":166,"column":9}},"54":{"start":{"line":112,"column":12},"end":{"line":112,"column":45}},"55":{"start":{"line":114,"column":12},"end":{"line":118,"column":13}},"56":{"start":{"line":116,"column":16},"end":{"line":116,"column":40}},"57":{"start":{"line":117,"column":16},"end":{"line":117,"column":38}},"58":{"start":{"line":120,"column":12},"end":{"line":129,"column":13}},"59":{"start":{"line":122,"column":16},"end":{"line":122,"column":78}},"60":{"start":{"line":123,"column":16},"end":{"line":123,"column":41}},"61":{"start":{"line":124,"column":16},"end":{"line":128,"column":17}},"62":{"start":{"line":126,"column":20},"end":{"line":126,"column":44}},"63":{"start":{"line":127,"column":20},"end":{"line":127,"column":42}},"64":{"start":{"line":131,"column":12},"end":{"line":135,"column":13}},"65":{"start":{"line":133,"column":16},"end":{"line":133,"column":40}},"66":{"start":{"line":134,"column":16},"end":{"line":134,"column":38}},"67":{"start":{"line":137,"column":12},"end":{"line":137,"column":40}},"68":{"start":{"line":139,"column":12},"end":{"line":146,"column":14}},"69":{"start":{"line":141,"column":16},"end":{"line":141,"column":49}},"70":{"start":{"line":142,"column":16},"end":{"line":145,"column":17}},"71":{"start":{"line":144,"column":20},"end":{"line":144,"column":41}},"72":{"start":{"line":148,"column":12},"end":{"line":156,"column":15}},"73":{"start":{"line":150,"column":16},"end":{"line":155,"column":19}},"74":{"start":{"line":152,"column":20},"end":{"line":152,"column":44}},"75":{"start":{"line":153,"column":20},"end":{"line":153,"column":51}},"76":{"start":{"line":154,"column":20},"end":{"line":154,"column":42}},"77":{"start":{"line":157,"column":12},"end":{"line":157,"column":48}},"78":{"start":{"line":158,"column":12},"end":{"line":158,"column":49}},"79":{"start":{"line":160,"column":12},"end":{"line":160,"column":22}},"80":{"start":{"line":164,"column":12},"end":{"line":164,"column":36}},"81":{"start":{"line":165,"column":12},"end":{"line":165,"column":34}},"82":{"start":{"line":169,"column":4},"end":{"line":169,"column":54}}},"branchMap":{"1":{"line":15,"type":"if","locations":[{"start":{"line":15,"column":8},"end":{"line":15,"column":8}},{"start":{"line":15,"column":8},"end":{"line":15,"column":8}}]},"2":{"line":15,"type":"binary-expr","locations":[{"start":{"line":15,"column":12},"end":{"line":15,"column":18}},{"start":{"line":15,"column":22},"end":{"line":15,"column":30}}]},"3":{"line":17,"type":"binary-expr","locations":[{"start":{"line":17,"column":47},"end":{"line":17,"column":77}},{"start":{"line":17,"column":81},"end":{"line":17,"column":107}}]},"4":{"line":31,"type":"if","locations":[{"start":{"line":31,"column":8},"end":{"line":31,"column":8}},{"start":{"line":31,"column":8},"end":{"line":31,"column":8}}]},"5":{"line":37,"type":"if","locations":[{"start":{"line":37,"column":13},"end":{"line":37,"column":13}},{"start":{"line":37,"column":13},"end":{"line":37,"column":13}}]},"6":{"line":48,"type":"if","locations":[{"start":{"line":48,"column":8},"end":{"line":48,"column":8}},{"start":{"line":48,"column":8},"end":{"line":48,"column":8}}]},"7":{"line":56,"type":"if","locations":[{"start":{"line":56,"column":8},"end":{"line":56,"column":8}},{"start":{"line":56,"column":8},"end":{"line":56,"column":8}}]},"8":{"line":62,"type":"if","locations":[{"start":{"line":62,"column":8},"end":{"line":62,"column":8}},{"start":{"line":62,"column":8},"end":{"line":62,"column":8}}]},"9":{"line":66,"type":"if","locations":[{"start":{"line":66,"column":12},"end":{"line":66,"column":12}},{"start":{"line":66,"column":12},"end":{"line":66,"column":12}}]},"10":{"line":72,"type":"if","locations":[{"start":{"line":72,"column":12},"end":{"line":72,"column":12}},{"start":{"line":72,"column":12},"end":{"line":72,"column":12}}]},"11":{"line":76,"type":"if","locations":[{"start":{"line":76,"column":16},"end":{"line":76,"column":16}},{"start":{"line":76,"column":16},"end":{"line":76,"column":16}}]},"12":{"line":83,"type":"if","locations":[{"start":{"line":83,"column":12},"end":{"line":83,"column":12}},{"start":{"line":83,"column":12},"end":{"line":83,"column":12}}]},"13":{"line":95,"type":"if","locations":[{"start":{"line":95,"column":16},"end":{"line":95,"column":16}},{"start":{"line":95,"column":16},"end":{"line":95,"column":16}}]},"14":{"line":110,"type":"if","locations":[{"start":{"line":110,"column":13},"end":{"line":110,"column":13}},{"start":{"line":110,"column":13},"end":{"line":110,"column":13}}]},"15":{"line":114,"type":"if","locations":[{"start":{"line":114,"column":12},"end":{"line":114,"column":12}},{"start":{"line":114,"column":12},"end":{"line":114,"column":12}}]},"16":{"line":120,"type":"if","locations":[{"start":{"line":120,"column":12},"end":{"line":120,"column":12}},{"start":{"line":120,"column":12},"end":{"line":120,"column":12}}]},"17":{"line":124,"type":"if","locations":[{"start":{"line":124,"column":16},"end":{"line":124,"column":16}},{"start":{"line":124,"column":16},"end":{"line":124,"column":16}}]},"18":{"line":131,"type":"if","locations":[{"start":{"line":131,"column":12},"end":{"line":131,"column":12}},{"start":{"line":131,"column":12},"end":{"line":131,"column":12}}]},"19":{"line":142,"type":"if","locations":[{"start":{"line":142,"column":16},"end":{"line":142,"column":16}},{"start":{"line":142,"column":16},"end":{"line":142,"column":16}}]}}}}