{"/home/david/txf/Gruntfile.js":{"path":"/home/david/txf/Gruntfile.js","s":{"1":1,"2":1,"3":1,"4":1,"5":1,"6":1,"7":1,"8":1,"9":1,"10":1,"11":1,"12":1},"b":{},"f":{"1":1},"fnMap":{"1":{"name":"(anonymous_1)","line":4,"loc":{"start":{"line":4,"column":17},"end":{"line":5,"column":0}}}},"statementMap":{"1":{"start":{"line":4,"column":0},"end":{"line":55,"column":2}},"2":{"start":{"line":6,"column":4},"end":{"line":42,"column":7}},"3":{"start":{"line":44,"column":4},"end":{"line":44,"column":47}},"4":{"start":{"line":45,"column":4},"end":{"line":45,"column":43}},"5":{"start":{"line":46,"column":4},"end":{"line":46,"column":39}},"6":{"start":{"line":47,"column":4},"end":{"line":47,"column":41}},"7":{"start":{"line":49,"column":4},"end":{"line":49,"column":41}},"8":{"start":{"line":50,"column":4},"end":{"line":50,"column":44}},"9":{"start":{"line":51,"column":4},"end":{"line":51,"column":41}},"10":{"start":{"line":52,"column":4},"end":{"line":52,"column":77}},"11":{"start":{"line":53,"column":4},"end":{"line":53,"column":57}},"12":{"start":{"line":54,"column":4},"end":{"line":54,"column":52}}},"branchMap":{}},"/home/david/txf/index.js":{"path":"/home/david/txf/index.js","s":{"1":1,"2":1,"3":1,"4":1,"5":4016,"6":4016,"7":2008,"8":2008,"9":1,"10":4030,"11":4030,"12":4030,"13":2015,"14":2015,"15":2015,"16":2015,"17":2013,"18":2013,"19":2,"20":2,"21":4028,"22":0,"23":0,"24":4028,"25":4028,"26":2,"27":2,"28":4026,"29":2013,"30":2013,"31":2,"32":2,"33":2011,"34":1006,"35":1006,"36":1006,"37":1,"38":1,"39":2010,"40":2,"41":2,"42":2008,"43":2008,"44":2008,"45":2008,"46":2008,"47":2008,"48":2008,"49":2008,"50":2008,"51":2008,"52":2008,"53":2013,"54":2013,"55":2013,"56":2,"57":2,"58":2011,"59":1006,"60":1006,"61":1006,"62":1,"63":1,"64":2010,"65":2,"66":2,"67":2008,"68":2008,"69":2008,"70":2008,"71":2008,"72":2008,"73":2008,"74":0,"75":0,"76":0,"77":2008,"78":2008,"79":2008,"80":0,"81":0},"b":{"1":[2008,2008],"2":[4016,3356],"3":[2008,2],"4":[2015,2015],"5":[2013,2],"6":[0,4028],"7":[2,4026],"8":[2013,2013],"9":[2,2011],"10":[1006,1005],"11":[1,1005],"12":[2,2008],"13":[2008,0],"14":[2013,0],"15":[2,2011],"16":[1006,1005],"17":[1,1005],"18":[2,2008],"19":[2008,0]},"f":{"1":1,"2":4016,"3":4030,"4":2008,"5":2008,"6":2008,"7":2008,"8":0},"fnMap":{"1":{"name":"(anonymous_1)","line":5,"loc":{"start":{"line":5,"column":17},"end":{"line":6,"column":0}}},"2":{"name":"check","line":9,"loc":{"start":{"line":9,"column":4},"end":{"line":10,"column":4}}},"3":{"name":"(anonymous_3)","line":21,"loc":{"start":{"line":21,"column":25},"end":{"line":22,"column":4}}},"4":{"name":"(anonymous_4)","line":91,"loc":{"start":{"line":91,"column":30},"end":{"line":92,"column":12}}},"5":{"name":"(anonymous_5)","line":100,"loc":{"start":{"line":100,"column":30},"end":{"line":101,"column":12}}},"6":{"name":"(anonymous_6)","line":138,"loc":{"start":{"line":138,"column":32},"end":{"line":139,"column":12}}},"7":{"name":"(anonymous_7)","line":147,"loc":{"start":{"line":147,"column":32},"end":{"line":148,"column":12}}},"8":{"name":"(anonymous_8)","line":149,"loc":{"start":{"line":149,"column":37},"end":{"line":150,"column":16}}}},"statementMap":{"1":{"start":{"line":2,"column":0},"end":{"line":3,"column":31}},"2":{"start":{"line":5,"column":0},"end":{"line":167,"column":2}},"3":{"start":{"line":7,"column":4},"end":{"line":7,"column":37}},"4":{"start":{"line":9,"column":4},"end":{"line":19,"column":5}},"5":{"start":{"line":11,"column":8},"end":{"line":12,"column":37}},"6":{"start":{"line":14,"column":8},"end":{"line":18,"column":9}},"7":{"start":{"line":16,"column":12},"end":{"line":16,"column":109}},"8":{"start":{"line":17,"column":12},"end":{"line":17,"column":34}},"9":{"start":{"line":21,"column":4},"end":{"line":166,"column":7}},"10":{"start":{"line":23,"column":8},"end":{"line":23,"column":49}},"11":{"start":{"line":25,"column":8},"end":{"line":28,"column":15}},"12":{"start":{"line":30,"column":8},"end":{"line":45,"column":9}},"13":{"start":{"line":32,"column":12},"end":{"line":32,"column":36}},"14":{"start":{"line":33,"column":12},"end":{"line":33,"column":33}},"15":{"start":{"line":34,"column":12},"end":{"line":34,"column":29}},"16":{"start":{"line":36,"column":13},"end":{"line":45,"column":9}},"17":{"start":{"line":38,"column":12},"end":{"line":38,"column":36}},"18":{"start":{"line":39,"column":12},"end":{"line":39,"column":29}},"19":{"start":{"line":43,"column":12},"end":{"line":43,"column":36}},"20":{"start":{"line":44,"column":12},"end":{"line":44,"column":34}},"21":{"start":{"line":47,"column":8},"end":{"line":51,"column":9}},"22":{"start":{"line":49,"column":12},"end":{"line":49,"column":36}},"23":{"start":{"line":50,"column":12},"end":{"line":50,"column":34}},"24":{"start":{"line":53,"column":8},"end":{"line":53,"column":38}},"25":{"start":{"line":55,"column":8},"end":{"line":59,"column":9}},"26":{"start":{"line":57,"column":12},"end":{"line":57,"column":36}},"27":{"start":{"line":58,"column":12},"end":{"line":58,"column":34}},"28":{"start":{"line":61,"column":8},"end":{"line":165,"column":9}},"29":{"start":{"line":63,"column":12},"end":{"line":63,"column":41}},"30":{"start":{"line":65,"column":12},"end":{"line":69,"column":13}},"31":{"start":{"line":67,"column":16},"end":{"line":67,"column":40}},"32":{"start":{"line":68,"column":16},"end":{"line":68,"column":38}},"33":{"start":{"line":71,"column":12},"end":{"line":80,"column":13}},"34":{"start":{"line":73,"column":16},"end":{"line":73,"column":74}},"35":{"start":{"line":74,"column":16},"end":{"line":74,"column":39}},"36":{"start":{"line":75,"column":16},"end":{"line":79,"column":17}},"37":{"start":{"line":77,"column":20},"end":{"line":77,"column":44}},"38":{"start":{"line":78,"column":20},"end":{"line":78,"column":42}},"39":{"start":{"line":82,"column":12},"end":{"line":86,"column":13}},"40":{"start":{"line":84,"column":16},"end":{"line":84,"column":40}},"41":{"start":{"line":85,"column":16},"end":{"line":85,"column":38}},"42":{"start":{"line":88,"column":12},"end":{"line":88,"column":40}},"43":{"start":{"line":89,"column":12},"end":{"line":89,"column":34}},"44":{"start":{"line":91,"column":12},"end":{"line":98,"column":14}},"45":{"start":{"line":93,"column":16},"end":{"line":93,"column":41}},"46":{"start":{"line":94,"column":16},"end":{"line":97,"column":17}},"47":{"start":{"line":96,"column":20},"end":{"line":96,"column":39}},"48":{"start":{"line":100,"column":12},"end":{"line":103,"column":15}},"49":{"start":{"line":102,"column":16},"end":{"line":102,"column":31}},"50":{"start":{"line":104,"column":12},"end":{"line":104,"column":45}},"51":{"start":{"line":105,"column":12},"end":{"line":105,"column":43}},"52":{"start":{"line":107,"column":12},"end":{"line":107,"column":22}},"53":{"start":{"line":109,"column":13},"end":{"line":165,"column":9}},"54":{"start":{"line":111,"column":12},"end":{"line":111,"column":45}},"55":{"start":{"line":113,"column":12},"end":{"line":117,"column":13}},"56":{"start":{"line":115,"column":16},"end":{"line":115,"column":40}},"57":{"start":{"line":116,"column":16},"end":{"line":116,"column":38}},"58":{"start":{"line":119,"column":12},"end":{"line":128,"column":13}},"59":{"start":{"line":121,"column":16},"end":{"line":121,"column":78}},"60":{"start":{"line":122,"column":16},"end":{"line":122,"column":41}},"61":{"start":{"line":123,"column":16},"end":{"line":127,"column":17}},"62":{"start":{"line":125,"column":20},"end":{"line":125,"column":44}},"63":{"start":{"line":126,"column":20},"end":{"line":126,"column":42}},"64":{"start":{"line":130,"column":12},"end":{"line":134,"column":13}},"65":{"start":{"line":132,"column":16},"end":{"line":132,"column":40}},"66":{"start":{"line":133,"column":16},"end":{"line":133,"column":38}},"67":{"start":{"line":136,"column":12},"end":{"line":136,"column":37}},"68":{"start":{"line":138,"column":12},"end":{"line":145,"column":14}},"69":{"start":{"line":140,"column":16},"end":{"line":140,"column":45}},"70":{"start":{"line":141,"column":16},"end":{"line":144,"column":17}},"71":{"start":{"line":143,"column":20},"end":{"line":143,"column":41}},"72":{"start":{"line":147,"column":12},"end":{"line":155,"column":15}},"73":{"start":{"line":149,"column":16},"end":{"line":154,"column":19}},"74":{"start":{"line":151,"column":20},"end":{"line":151,"column":44}},"75":{"start":{"line":152,"column":20},"end":{"line":152,"column":51}},"76":{"start":{"line":153,"column":20},"end":{"line":153,"column":42}},"77":{"start":{"line":156,"column":12},"end":{"line":156,"column":48}},"78":{"start":{"line":157,"column":12},"end":{"line":157,"column":49}},"79":{"start":{"line":159,"column":12},"end":{"line":159,"column":22}},"80":{"start":{"line":163,"column":12},"end":{"line":163,"column":36}},"81":{"start":{"line":164,"column":12},"end":{"line":164,"column":34}}},"branchMap":{"1":{"line":14,"type":"if","locations":[{"start":{"line":14,"column":8},"end":{"line":14,"column":8}},{"start":{"line":14,"column":8},"end":{"line":14,"column":8}}]},"2":{"line":14,"type":"binary-expr","locations":[{"start":{"line":14,"column":12},"end":{"line":14,"column":18}},{"start":{"line":14,"column":22},"end":{"line":14,"column":30}}]},"3":{"line":16,"type":"binary-expr","locations":[{"start":{"line":16,"column":47},"end":{"line":16,"column":77}},{"start":{"line":16,"column":81},"end":{"line":16,"column":107}}]},"4":{"line":30,"type":"if","locations":[{"start":{"line":30,"column":8},"end":{"line":30,"column":8}},{"start":{"line":30,"column":8},"end":{"line":30,"column":8}}]},"5":{"line":36,"type":"if","locations":[{"start":{"line":36,"column":13},"end":{"line":36,"column":13}},{"start":{"line":36,"column":13},"end":{"line":36,"column":13}}]},"6":{"line":47,"type":"if","locations":[{"start":{"line":47,"column":8},"end":{"line":47,"column":8}},{"start":{"line":47,"column":8},"end":{"line":47,"column":8}}]},"7":{"line":55,"type":"if","locations":[{"start":{"line":55,"column":8},"end":{"line":55,"column":8}},{"start":{"line":55,"column":8},"end":{"line":55,"column":8}}]},"8":{"line":61,"type":"if","locations":[{"start":{"line":61,"column":8},"end":{"line":61,"column":8}},{"start":{"line":61,"column":8},"end":{"line":61,"column":8}}]},"9":{"line":65,"type":"if","locations":[{"start":{"line":65,"column":12},"end":{"line":65,"column":12}},{"start":{"line":65,"column":12},"end":{"line":65,"column":12}}]},"10":{"line":71,"type":"if","locations":[{"start":{"line":71,"column":12},"end":{"line":71,"column":12}},{"start":{"line":71,"column":12},"end":{"line":71,"column":12}}]},"11":{"line":75,"type":"if","locations":[{"start":{"line":75,"column":16},"end":{"line":75,"column":16}},{"start":{"line":75,"column":16},"end":{"line":75,"column":16}}]},"12":{"line":82,"type":"if","locations":[{"start":{"line":82,"column":12},"end":{"line":82,"column":12}},{"start":{"line":82,"column":12},"end":{"line":82,"column":12}}]},"13":{"line":94,"type":"if","locations":[{"start":{"line":94,"column":16},"end":{"line":94,"column":16}},{"start":{"line":94,"column":16},"end":{"line":94,"column":16}}]},"14":{"line":109,"type":"if","locations":[{"start":{"line":109,"column":13},"end":{"line":109,"column":13}},{"start":{"line":109,"column":13},"end":{"line":109,"column":13}}]},"15":{"line":113,"type":"if","locations":[{"start":{"line":113,"column":12},"end":{"line":113,"column":12}},{"start":{"line":113,"column":12},"end":{"line":113,"column":12}}]},"16":{"line":119,"type":"if","locations":[{"start":{"line":119,"column":12},"end":{"line":119,"column":12}},{"start":{"line":119,"column":12},"end":{"line":119,"column":12}}]},"17":{"line":123,"type":"if","locations":[{"start":{"line":123,"column":16},"end":{"line":123,"column":16}},{"start":{"line":123,"column":16},"end":{"line":123,"column":16}}]},"18":{"line":130,"type":"if","locations":[{"start":{"line":130,"column":12},"end":{"line":130,"column":12}},{"start":{"line":130,"column":12},"end":{"line":130,"column":12}}]},"19":{"line":141,"type":"if","locations":[{"start":{"line":141,"column":16},"end":{"line":141,"column":16}},{"start":{"line":141,"column":16},"end":{"line":141,"column":16}}]}}}}