TN:
SF:/home/david/txf/Gruntfile.js
FN:4,(anonymous_1)
FNF:1
FNH:1
FNDA:1,(anonymous_1)
DA:4,1
DA:6,1
DA:44,1
DA:45,1
DA:46,1
DA:47,1
DA:49,1
DA:50,1
DA:51,1
DA:52,1
DA:53,1
DA:54,1
LF:12
LH:12
BRF:0
BRH:0
end_of_record
TN:
SF:/home/david/txf/index.js
FN:5,(anonymous_1)
FN:10,check
FN:22,(anonymous_3)
FN:92,(anonymous_4)
FN:101,(anonymous_5)
FN:139,(anonymous_6)
FN:148,(anonymous_7)
FN:150,(anonymous_8)
FNF:8
FNH:8
FNDA:2,(anonymous_1)
FNDA:4024,check
FNDA:4041,(anonymous_3)
FNDA:3022,(anonymous_4)
FNDA:2012,(anonymous_5)
FNDA:3022,(anonymous_6)
FNDA:2012,(anonymous_7)
FNDA:1010,(anonymous_8)
DA:2,1
DA:5,1
DA:7,2
DA:10,1
DA:12,4024
DA:15,4024
DA:17,2012
DA:18,2012
DA:22,2
DA:24,4041
DA:26,4041
DA:31,4041
DA:33,2020
DA:34,2020
DA:35,2020
DA:37,2021
DA:39,2019
DA:40,2019
DA:44,2
DA:45,2
DA:48,4039
DA:50,1
DA:51,1
DA:54,4038
DA:56,4038
DA:58,2
DA:59,2
DA:62,4036
DA:64,2017
DA:66,2017
DA:68,2
DA:69,2
DA:72,2015
DA:74,1008
DA:75,1008
DA:76,1008
DA:78,1
DA:79,1
DA:83,2014
DA:85,2
DA:86,2
DA:89,2012
DA:90,2012
DA:92,2012
DA:94,3022
DA:95,3022
DA:97,2012
DA:101,2012
DA:103,2012
DA:105,2012
DA:106,2012
DA:108,2012
DA:110,2019
DA:112,2017
DA:114,2017
DA:116,2
DA:117,2
DA:120,2015
DA:122,1008
DA:123,1008
DA:124,1008
DA:126,1
DA:127,1
DA:131,2014
DA:133,2
DA:134,2
DA:137,2012
DA:139,2012
DA:141,3022
DA:142,3022
DA:144,2012
DA:148,2012
DA:150,2012
DA:152,1010
DA:153,1010
DA:154,1010
DA:157,2012
DA:158,2012
DA:160,2012
DA:164,2
DA:165,2
LF:81
LH:81
BRDA:15,1,0,2012
BRDA:15,1,1,2012
BRDA:15,2,0,4024
BRDA:15,2,1,3376
BRDA:17,3,0,2012
BRDA:17,3,1,2
BRDA:31,4,0,2020
BRDA:31,4,1,2021
BRDA:37,5,0,2019
BRDA:37,5,1,2
BRDA:48,6,0,1
BRDA:48,6,1,4038
BRDA:56,7,0,2
BRDA:56,7,1,4036
BRDA:62,8,0,2017
BRDA:62,8,1,2019
BRDA:66,9,0,2
BRDA:66,9,1,2015
BRDA:72,10,0,1008
BRDA:72,10,1,1007
BRDA:76,11,0,1
BRDA:76,11,1,1007
BRDA:83,12,0,2
BRDA:83,12,1,2012
BRDA:95,13,0,2012
BRDA:95,13,1,1010
BRDA:110,14,0,2017
BRDA:110,14,1,2
BRDA:114,15,0,2
BRDA:114,15,1,2015
BRDA:120,16,0,1008
BRDA:120,16,1,1007
BRDA:124,17,0,1
BRDA:124,17,1,1007
BRDA:131,18,0,2
BRDA:131,18,1,2012
BRDA:142,19,0,2012
BRDA:142,19,1,1010
BRF:38
BRH:38
end_of_record
