TN:
SF:/home/david/txf/Gruntfile.js
FN:4,(anonymous_1)
FNF:1
FNH:1
FNDA:1,(anonymous_1)
DA:4,1
DA:6,1
DA:52,1
DA:53,1
DA:54,1
DA:55,1
DA:57,1
DA:58,1
DA:59,1
DA:60,1
DA:61,1
DA:62,1
LF:12
LH:12
BRF:0
BRH:0
end_of_record
TN:
SF:/home/david/txf/index.js
FN:257,(anonymous_1)
FN:262,check
FN:274,(anonymous_3)
FN:342,(anonymous_4)
FN:351,(anonymous_5)
FN:389,(anonymous_6)
FN:398,(anonymous_7)
FN:400,(anonymous_8)
FNF:8
FNH:8
FNDA:4,(anonymous_1)
FNDA:848,check
FNDA:882,(anonymous_3)
FNDA:644,(anonymous_4)
FNDA:424,(anonymous_5)
FNDA:644,(anonymous_6)
FNDA:424,(anonymous_7)
FNDA:220,(anonymous_8)
DA:202,1
DA:257,1
DA:259,4
DA:262,1
DA:264,848
DA:267,848
DA:269,424
DA:270,424
DA:274,4
DA:276,882
DA:281,882
DA:283,440
DA:284,440
DA:285,440
DA:287,442
DA:289,438
DA:290,438
DA:294,4
DA:295,4
DA:298,878
DA:300,2
DA:301,2
DA:304,876
DA:306,876
DA:308,4
DA:309,4
DA:312,872
DA:314,434
DA:316,434
DA:318,4
DA:319,4
DA:322,430
DA:324,216
DA:325,216
DA:326,216
DA:328,2
DA:329,2
DA:333,428
DA:335,4
DA:336,4
DA:339,424
DA:340,424
DA:342,424
DA:344,644
DA:345,644
DA:347,424
DA:351,424
DA:353,424
DA:355,424
DA:356,424
DA:358,424
DA:360,438
DA:362,434
DA:364,434
DA:366,4
DA:367,4
DA:370,430
DA:372,216
DA:373,216
DA:374,216
DA:376,2
DA:377,2
DA:381,428
DA:383,4
DA:384,4
DA:387,424
DA:389,424
DA:391,644
DA:392,644
DA:394,424
DA:398,424
DA:400,424
DA:402,220
DA:403,220
DA:404,220
DA:407,424
DA:408,424
DA:410,424
DA:414,4
DA:415,4
DA:419,4
LF:81
LH:81
BRDA:267,1,0,424
BRDA:267,1,1,424
BRDA:267,2,0,848
BRDA:267,2,1,571
BRDA:269,3,0,424
BRDA:269,3,1,4
BRDA:281,4,0,440
BRDA:281,4,1,442
BRDA:287,5,0,438
BRDA:287,5,1,4
BRDA:298,6,0,2
BRDA:298,6,1,876
BRDA:306,7,0,4
BRDA:306,7,1,872
BRDA:312,8,0,434
BRDA:312,8,1,438
BRDA:316,9,0,4
BRDA:316,9,1,430
BRDA:322,10,0,216
BRDA:322,10,1,214
BRDA:326,11,0,2
BRDA:326,11,1,214
BRDA:333,12,0,4
BRDA:333,12,1,424
BRDA:345,13,0,424
BRDA:345,13,1,220
BRDA:360,14,0,434
BRDA:360,14,1,4
BRDA:364,15,0,4
BRDA:364,15,1,430
BRDA:370,16,0,216
BRDA:370,16,1,214
BRDA:374,17,0,2
BRDA:374,17,1,214
BRDA:381,18,0,4
BRDA:381,18,1,424
BRDA:392,19,0,424
BRDA:392,19,1,220
BRF:38
BRH:38
end_of_record
